[debug] [2018-12-23T01:43:48.924Z] ----------------------------------------------------------------------
[debug] [2018-12-23T01:43:48.934Z] Command:       /usr/local/bin/node /usr/local/bin/firebase login
[debug] [2018-12-23T01:43:48.935Z] CLI Version:   6.2.2
[debug] [2018-12-23T01:43:48.936Z] Platform:      linux
[debug] [2018-12-23T01:43:48.936Z] Node Version:  v10.14.2
[debug] [2018-12-23T01:43:48.938Z] Time:          Sun Dec 23 2018 08:43:48 GMT+0700 (GMT+07:00)
[debug] [2018-12-23T01:43:48.938Z] ----------------------------------------------------------------------
[debug] 
[info] 
[info] Visit this URL on any device to log in:
[info] https://accounts.google.com/o/oauth2/auth?client_id=563584335869-fgrhgmd47bqnekij5i8b5pr03ho849e6.apps.googleusercontent.com&scope=email%20openid%20https%3A%2F%2Fwww.googleapis.com%2Fauth%2Fcloudplatformprojects.readonly%20https%3A%2F%2Fwww.googleapis.com%2Fauth%2Ffirebase%20https%3A%2F%2Fwww.googleapis.com%2Fauth%2Fcloud-platform&response_type=code&state=2171388&redirect_uri=http%3A%2F%2Flocalhost%3A9005
[info] 
[info] Waiting for authentication...
[debug] [2018-12-23T01:43:54.653Z] Unable to open URL: Error: Exited with code 3
    at ChildProcess.cp.once.code (/usr/local/lib/node_modules/firebase-tools/node_modules/opn/index.js:84:13)
    at Object.onceWrapper (events.js:273:13)
    at ChildProcess.emit (events.js:182:13)
    at ChildProcess.EventEmitter.emit (domain.js:441:20)
    at maybeClose (internal/child_process.js:962:16)
    at Socket.stream.socket.on (internal/child_process.js:381:11)
    at Socket.emit (events.js:182:13)
    at Socket.EventEmitter.emit (domain.js:441:20)
    at Pipe._handle.close (net.js:610:12)
